<?xml version="1.0" encoding="UTF-8"?>
<testng-results skipped="0" failed="0" ignored="0" total="1" passed="1">
  <reporter-output>
  </reporter-output>
  <suite name="Default suite" duration-ms="21151" started-at="2019-01-10T14:45:08Z" finished-at="2019-01-10T14:45:29Z">
    <groups>
    </groups>
    <test name="Default test" duration-ms="21151" started-at="2019-01-10T14:45:08Z" finished-at="2019-01-10T14:45:29Z">
      <class name="webtest.test_only_load_more">
        <test-method status="PASS" signature="test_only_load_more()[pri:0, instance:webtest.test_only_load_more@28d25987]" name="test_only_load_more" duration-ms="21112" started-at="2019-01-10T14:45:08Z" finished-at="2019-01-10T14:45:29Z">
          <reporter-output>
          </reporter-output>
        </test-method> <!-- test_only_load_more -->
      </class> <!-- webtest.test_only_load_more -->
    </test> <!-- Default test -->
  </suite> <!-- Default suite -->
</testng-results>
